<?xml version="1.0" encoding="UTF-8"?>
<testng-results skipped="0" failed="0" ignored="0" total="1" passed="1">
  <reporter-output>
  </reporter-output>
  <suite name="Default suite" duration-ms="2418" started-at="2020-02-25T17:53:08Z" finished-at="2020-02-25T17:53:11Z">
    <groups>
    </groups>
    <test name="Default test" duration-ms="2418" started-at="2020-02-25T17:53:08Z" finished-at="2020-02-25T17:53:11Z">
      <class name="com.qa.test.GetApiTest">
        <test-method status="PASS" signature="setUp()[pri:0, instance:com.qa.test.GetApiTest@2a2d45ba]" name="setUp" is-config="true" duration-ms="5" started-at="2020-02-25T17:53:08Z" finished-at="2020-02-25T17:53:08Z">
          <reporter-output>
          </reporter-output>
        </test-method> <!-- setUp -->
        <test-method status="PASS" signature="getTest()[pri:0, instance:com.qa.test.GetApiTest@2a2d45ba]" name="getTest" duration-ms="2390" started-at="2020-02-25T17:53:08Z" finished-at="2020-02-25T17:53:11Z">
          <reporter-output>
          </reporter-output>
        </test-method> <!-- getTest -->
      </class> <!-- com.qa.test.GetApiTest -->
    </test> <!-- Default test -->
  </suite> <!-- Default suite -->
</testng-results>
